<?xml version="1.0" encoding="UTF-8"?>
<!-- Generated by org.testng.reporters.JUnitReportReporter -->
<testsuite skipped="0" hostname="DESKTOP-74ULC4S" name="BasicSeleniumConcepts.DrawbacksOfPageFactorySolution" tests="4" failures="0" timestamp="2022-04-27T20:29:58 ICT" time="46.769" errors="0">
  <testcase name="withPageFactory" time="11.426" classname="BasicSeleniumConcepts.DrawbacksOfPageFactorySolution"/>
  <system-out/>
  <testcase name="plainPatternWithWebDriverWait" time="9.018" classname="BasicSeleniumConcepts.DrawbacksOfPageFactorySolution"/>
  <system-out/>
  <testcase name="withPageFactoryWithWebDriverWait" time="10.563" classname="BasicSeleniumConcepts.DrawbacksOfPageFactorySolution"/>
  <system-out/>
  <testcase name="plainPattern" time="15.762" classname="BasicSeleniumConcepts.DrawbacksOfPageFactorySolution"/>
  <system-out/>
</testsuite> <!-- BasicSeleniumConcepts.DrawbacksOfPageFactorySolution -->
